
> study-planner-server@1.0.0 dev
> node --watch server.js

Server running on port 5000
MongoDB connected
Restarting 'server.js'
Server running on port 5000
MongoDB connected
Restarting 'server.js'
Server running on port 5000
MongoDB connected
Restarting 'server.js'
Server running on port 5000
MongoDB connected
Restarting 'server.js'
Server running on port 5000
MongoDB connected
Restarting 'server.js'
Server running on port 5000
MongoDB connected
Restarting 'server.js'
Server running on port 5000
MongoDB connected
Restarting 'server.js'
Server running on port 5000
MongoDB connected
Restarting 'server.js'
Server running on port 5000
MongoDB connected
Restarting 'server.js'
Server running on port 5000
MongoDB connected
Restarting 'server.js'
Server running on port 5000
MongoDB connected
Restarting 'server.js'
Restarting 'server.js'
Server running on port 5000
MongoDB connected
Restarting 'server.js'
Server running on port 5000
MongoDB connected
Restarting 'server.js'
Server running on port 5000
MongoDB connected
Restarting 'server.js'
Server running on port 5000
MongoDB connected
Restarting 'server.js'
Server running on port 5000
MongoDB connected
Restarting 'server.js'
Server running on port 5000
MongoDB connected
Restarting 'server.js'
Server running on port 5000
MongoDB connected
Restarting 'server.js'
Server running on port 5000
MongoDB connected
Restarting 'server.js'
Server running on port 5000
MongoDB connected
Restarting 'server.js'
Server running on port 5000
MongoDB connected
Restarting 'server.js'
Server running on port 5000
MongoDB connected
Restarting 'server.js'
Server running on port 5000
MongoDB connected
Restarting 'server.js'
Server running on port 5000
MongoDB connected
